WARNING: An illegal reflective access operation has occurred
WARNING: Illegal reflective access by io.netty.util.internal.ReflectionUtil (file:/home/ajay/.cache/firebase/emulators/firebase-database-emulator-v4.11.0.jar) to field sun.nio.ch.SelectorImpl.selectedKeys
WARNING: Please consider reporting this to the maintainers of io.netty.util.internal.ReflectionUtil
WARNING: Use --illegal-access=warn to enable warnings of further illegal reflective access operations
WARNING: All illegal access operations will be denied in a future release
14:42:55.230 [NamespaceSystem-akka.actor.default-dispatcher-4] INFO akka.event.slf4j.Slf4jLogger - Slf4jLogger started
14:42:55.583 [main] INFO com.firebase.server.forge.App$ - Listening at 127.0.0.1:9000
14:42:58.691 [NamespaceSystem-akka.actor.default-dispatcher-6] INFO com.firebase.core.namespace.NamespaceActor - textile-trade-50d88 successfully activated FBKV (SurveyIdle(0)) wait: 518ms, init: 0ms
14:42:58.939 [NamespaceSystem-blocking-namespace-operation-dispatcher-8] INFO com.firebase.core.namespace.StateManager - Namespace textile-trade-50d88 status Active to Active
14:42:59.048 [NamespaceSystem-blocking-namespace-operation-dispatcher-8] INFO com.firebase.core.namespace.StateManager - Namespace textile-trade-50d88 status Active to Active
14:42:59.089 [NamespaceSystem-blocking-namespace-operation-dispatcher-8] INFO com.firebase.core.namespace.StateManager - Namespace textile-trade-50d88 status Active to Active
14:42:59.188 [NamespaceSystem-blocking-namespace-operation-dispatcher-8] INFO com.firebase.core.namespace.StateManager - Namespace textile-trade-50d88 status Active to Active
14:42:59.624 [NamespaceSystem-blocking-namespace-operation-dispatcher-8] INFO com.firebase.core.namespace.StateManager - Namespace textile-trade-50d88 status Active to Active
14:42:59.648 [NamespaceSystem-blocking-namespace-operation-dispatcher-8] INFO com.firebase.core.namespace.StateManager - Namespace textile-trade-50d88 status Active to Active
14:42:59.686 [NamespaceSystem-blocking-namespace-operation-dispatcher-8] INFO com.firebase.core.namespace.StateManager - Namespace textile-trade-50d88 status Active to Active
14:42:59.717 [NamespaceSystem-blocking-namespace-operation-dispatcher-8] INFO com.firebase.core.namespace.StateManager - Namespace textile-trade-50d88 status Active to Active
14:42:59.749 [NamespaceSystem-blocking-namespace-operation-dispatcher-8] INFO com.firebase.core.namespace.StateManager - Namespace textile-trade-50d88 status Active to Active
14:42:59.849 [NamespaceSystem-blocking-namespace-operation-dispatcher-8] INFO com.firebase.core.namespace.StateManager - Namespace textile-trade-50d88 status Active to Active
14:42:59.877 [NamespaceSystem-blocking-namespace-operation-dispatcher-8] INFO com.firebase.core.namespace.StateManager - Namespace textile-trade-50d88 status Active to Active
14:42:59.911 [NamespaceSystem-blocking-namespace-operation-dispatcher-8] INFO com.firebase.core.namespace.StateManager - Namespace textile-trade-50d88 status Active to Active
14:42:59.936 [NamespaceSystem-blocking-namespace-operation-dispatcher-8] INFO com.firebase.core.namespace.StateManager - Namespace textile-trade-50d88 status Active to Active
14:42:59.962 [NamespaceSystem-blocking-namespace-operation-dispatcher-8] INFO com.firebase.core.namespace.StateManager - Namespace textile-trade-50d88 status Active to Active
14:42:59.997 [NamespaceSystem-blocking-namespace-operation-dispatcher-8] INFO com.firebase.core.namespace.StateManager - Namespace textile-trade-50d88 status Active to Active
14:43:00.047 [NamespaceSystem-blocking-namespace-operation-dispatcher-8] INFO com.firebase.core.namespace.StateManager - Namespace textile-trade-50d88 status Active to Active
14:43:00.082 [NamespaceSystem-blocking-namespace-operation-dispatcher-8] INFO com.firebase.core.namespace.StateManager - Namespace textile-trade-50d88 status Active to Active
14:43:00.111 [NamespaceSystem-blocking-namespace-operation-dispatcher-8] INFO com.firebase.core.namespace.StateManager - Namespace textile-trade-50d88 status Active to Active
14:43:00.140 [NamespaceSystem-blocking-namespace-operation-dispatcher-8] INFO com.firebase.core.namespace.StateManager - Namespace textile-trade-50d88 status Active to Active
14:43:00.174 [NamespaceSystem-blocking-namespace-operation-dispatcher-8] INFO com.firebase.core.namespace.StateManager - Namespace textile-trade-50d88 status Active to Active
14:43:00.222 [NamespaceSystem-blocking-namespace-operation-dispatcher-9] INFO com.firebase.core.namespace.StateManager - Namespace textile-trade-50d88 status Active to Active
14:43:00.266 [NamespaceSystem-blocking-namespace-operation-dispatcher-9] INFO com.firebase.core.namespace.StateManager - Namespace textile-trade-50d88 status Active to Active
14:47:17.787 [Thread-0] INFO com.firebase.server.forge.App$ - Attempting graceful shutdown.
14:47:17.809 [NamespaceSystem-akka.actor.default-dispatcher-4] INFO com.firebase.core.namespace.Terminator$Terminator - 1 actors left to terminate: textile-trade-50d88
14:47:17.822 [NamespaceSystem-akka.actor.default-dispatcher-16] INFO com.firebase.core.namespace.NamespaceActor - stopped namespace actor for textile-trade-50d88
14:47:17.836 [Thread-0] INFO com.firebase.server.forge.App$ - Graceful shutdown complete.
